<?xml version="1.0" encoding="UTF-8"?><testrun name="BasicTests" project="groupProject" tests="3" started="3" failures="1" errors="0" ignored="0">
  <testsuite name="edu.upenn.cit594.studenttests.BasicTests" time="46.1" displayname="BasicTests" uniqueid="[engine:junit-vintage]/[runner:edu.upenn.cit594.studenttests.BasicTests]">
    <testcase name="testSpeed" classname="edu.upenn.cit594.studenttests.BasicTests" time="5.583" displayname="testSpeed" uniqueid="[engine:junit-vintage]/[runner:edu.upenn.cit594.studenttests.BasicTests]/[test:testSpeed(edu.upenn.cit594.studenttests.BasicTests)]"/>
    <testcase name="testTwice" classname="edu.upenn.cit594.studenttests.BasicTests" time="0.68" displayname="testTwice" uniqueid="[engine:junit-vintage]/[runner:edu.upenn.cit594.studenttests.BasicTests]/[test:testTwice(edu.upenn.cit594.studenttests.BasicTests)]">
      <failure>java.lang.AssertionError: Repeated execution failed&#13;
	at org.junit.Assert.fail(Assert.java:89)&#13;
	at org.junit.Assert.assertTrue(Assert.java:42)&#13;
	at edu.upenn.cit594.studenttests.BasicTests.testTwice(BasicTests.java:150)&#13;
	at java.base/java.lang.reflect.Method.invoke(Method.java:580)&#13;
	at java.base/java.util.concurrent.FutureTask.run(FutureTask.java:317)&#13;
	at java.base/java.lang.Thread.run(Thread.java:1583)&#13;
&#13;
</failure>
    </testcase>
    <testcase name="testActivities" classname="edu.upenn.cit594.studenttests.BasicTests" time="39.836" displayname="testActivities" uniqueid="[engine:junit-vintage]/[runner:edu.upenn.cit594.studenttests.BasicTests]/[test:testActivities(edu.upenn.cit594.studenttests.BasicTests)]"/>
  </testsuite>
</testrun>
