<?xml version="1.0" encoding="UTF-8"?><testrun name="BasicTests" project="groupProject" tests="3" started="3" failures="0" errors="2" ignored="0">
  <testsuite name="edu.upenn.cit594.studenttests.BasicTests" time="78.274" displayname="BasicTests" uniqueid="[engine:junit-vintage]/[runner:edu.upenn.cit594.studenttests.BasicTests]">
    <testcase name="testSpeed" classname="edu.upenn.cit594.studenttests.BasicTests" time="0.365" displayname="testSpeed" uniqueid="[engine:junit-vintage]/[runner:edu.upenn.cit594.studenttests.BasicTests]/[test:testSpeed(edu.upenn.cit594.studenttests.BasicTests)]">
      <error>java.lang.ClassCastException: class java.lang.Long cannot be cast to class java.util.ArrayList (java.lang.Long and java.util.ArrayList are in module java.base of loader 'bootstrap')&#13;
	at edu.upenn.cit594.datamanagement.CovidJSONReader.readCovidDataJson(CovidJSONReader.java:55)&#13;
	at edu.upenn.cit594.Main.processArguments(Main.java:110)&#13;
	at edu.upenn.cit594.Main.main(Main.java:33)&#13;
	at edu.upenn.cit594.studenttests.BasicTests.runMain(BasicTests.java:64)&#13;
	at edu.upenn.cit594.studenttests.BasicTests.testSpeed(BasicTests.java:101)&#13;
	at java.base/java.lang.reflect.Method.invoke(Method.java:580)&#13;
	at java.base/java.util.concurrent.FutureTask.run(FutureTask.java:317)&#13;
	at java.base/java.lang.Thread.run(Thread.java:1583)&#13;
&#13;
</error>
    </testcase>
    <testcase name="testTwice" classname="edu.upenn.cit594.studenttests.BasicTests" time="0.214" displayname="testTwice" uniqueid="[engine:junit-vintage]/[runner:edu.upenn.cit594.studenttests.BasicTests]/[test:testTwice(edu.upenn.cit594.studenttests.BasicTests)]">
      <error>java.lang.ClassCastException: class java.lang.Long cannot be cast to class java.util.ArrayList (java.lang.Long and java.util.ArrayList are in module java.base of loader 'bootstrap')&#13;
	at edu.upenn.cit594.datamanagement.CovidJSONReader.readCovidDataJson(CovidJSONReader.java:55)&#13;
	at edu.upenn.cit594.Main.processArguments(Main.java:110)&#13;
	at edu.upenn.cit594.Main.main(Main.java:33)&#13;
	at edu.upenn.cit594.studenttests.BasicTests.runMain(BasicTests.java:64)&#13;
	at edu.upenn.cit594.studenttests.BasicTests.testTwice(BasicTests.java:140)&#13;
	at java.base/java.lang.reflect.Method.invoke(Method.java:580)&#13;
	at java.base/java.util.concurrent.FutureTask.run(FutureTask.java:317)&#13;
	at java.base/java.lang.Thread.run(Thread.java:1583)&#13;
&#13;
</error>
    </testcase>
    <testcase name="testActivities" classname="edu.upenn.cit594.studenttests.BasicTests" time="77.693" displayname="testActivities" uniqueid="[engine:junit-vintage]/[runner:edu.upenn.cit594.studenttests.BasicTests]/[test:testActivities(edu.upenn.cit594.studenttests.BasicTests)]"/>
  </testsuite>
</testrun>
